{
  "feature": {
    "name": "Query Service Inventory by Tags",
    "file": "service-tag.md"
  },
  "scenarios": [
    {
      "name": "Verify service tags and role counts for a specific service",
      "status": "passed",
      "steps": [
        {
          "status": "passed",
          "output": null,
          "stdout": "../dashboard/data/entra-id/entra.json\n",
          "stderr": null,
          "exit_code": 0,
          "keyword": "Given",
          "text": "an inventory of Entra ID services"
        },
        {
          "status": "passed",
          "output": null,
          "stdout": "Microsoft Office 365\nAtlassian JIRA\nSAP ERP\nMicrosoft Teams\n",
          "stderr": null,
          "exit_code": 0,
          "keyword": "When",
          "text": "list for the services"
        },
        {
          "status": "passed",
          "output": null,
          "stdout": "Service: Microsoft Office 365\nRoles:\n  - Office 365 E3 License\n\nService: Atlassian JIRA\nRoles:\n  - JIRA User\n\nService: Atlassian JIRA\nRoles:\n  - JIRA Developer\n\nService: SAP ERP\nRoles:\n  - Expense Reporter\n\nService: SAP ERP\nRoles:\n  - Task Scheduler\n\nService: Microsoft Teams\nRoles:\n  - (No roles defined)\n\n",
          "stderr": null,
          "exit_code": 0,
          "keyword": "And",
          "text": "for each service provide a list of roles"
        },
        {
          "status": "passed",
          "output": null,
          "stdout": "[\n  {\n    \"model\": \"Microsoft Office 365\",\n    \"count\": 1\n  },\n  {\n    \"model\": \"Atlassian JIRA\",\n    \"count\": 2\n  },\n  {\n    \"model\": \"SAP ERP\",\n    \"count\": 2\n  },\n  {\n    \"model\": \"Microsoft Teams\",\n    \"count\": 0\n  }\n]\n",
          "stderr": "Dashboard data written to C:\\Users\\msn\\source\\markdown-tool\\dashboard\\categories\\operations/service-tag.json\n",
          "exit_code": 0,
          "keyword": "Then",
          "text": "provide an list count of roles per service"
        }
      ]
    }
  ],
  "summary": {
    "scenarios": {
      "total": 1,
      "passed": 1,
      "failed": 0
    },
    "steps": {
      "total": 4,
      "passed": 4,
      "failed": 0,
      "skipped": 0,
      "undefined": 0
    }
  }
}